<?xml version="1.0" encoding="UTF-8"?>
<!-- Generated by org.testng.reporters.JUnitReportReporter -->
<testsuite hostname="DESKTOP-QNHJ5Q7" name="restAPI.TC_05_CreatUser_StaticImport_DDT" tests="5" failures="0" timestamp="11 Nov 2022 10:02:04 GMT" time="6.613" errors="0">
  <testcase name="setupRequest" time="4.386" classname="restAPI.TC_05_CreatUser_StaticImport_DDT"/>
  <testcase name="setupRequest" time="0.506" classname="restAPI.TC_05_CreatUser_StaticImport_DDT"/>
  <testcase name="setupRequest" time="0.541" classname="restAPI.TC_05_CreatUser_StaticImport_DDT"/>
  <testcase name="setupRequest" time="0.632" classname="restAPI.TC_05_CreatUser_StaticImport_DDT"/>
  <testcase name="setupRequest" time="0.548" classname="restAPI.TC_05_CreatUser_StaticImport_DDT"/>
</testsuite> <!-- restAPI.TC_05_CreatUser_StaticImport_DDT -->
