<?xml version="1.0" encoding="UTF-8"?>
<!-- Generated by org.testng.reporters.JUnitReportReporter -->
<testsuite hostname="DESKTOP-QNHJ5Q7" name="restAPI.TC_03_UpdateUser_Put" tests="2" failures="0" timestamp="11 Nov 2022 09:22:52 GMT" time="3.330" errors="0">
  <testcase name="verifyStatusCode" time="0.003" classname="restAPI.TC_03_UpdateUser_Put"/>
  <testcase name="setupRequest" time="3.327" classname="restAPI.TC_03_UpdateUser_Put"/>
</testsuite> <!-- restAPI.TC_03_UpdateUser_Put -->
