<?xml version="1.0" encoding="UTF-8"?>
<!-- Generated by org.testng.reporters.JUnitReportReporter -->
<testsuite hostname="DESKTOP-QNHJ5Q7" name="restAPI.TC_01_ListUser" tests="4" failures="0" timestamp="10 Nov 2022 10:38:53 GMT" time="0.143" errors="0">
  <testcase name="verifyListUserTest" time="0.125" classname="restAPI.TC_01_ListUser"/>
  <testcase name="verifyHeaderPowered" time="0.007" classname="restAPI.TC_01_ListUser"/>
  <testcase name="verifyStatusCode" time="0.005" classname="restAPI.TC_01_ListUser"/>
  <testcase name="verifyContentType" time="0.006" classname="restAPI.TC_01_ListUser"/>
</testsuite> <!-- restAPI.TC_01_ListUser -->
