<?xml version="1.0" encoding="UTF-8"?>
<!-- Generated by org.testng.reporters.JUnitReportReporter -->
<testsuite hostname="DESKTOP-QNHJ5Q7" name="restAPI.TC_04_CreateUser_StaticImport" tests="1" failures="0" timestamp="11 Nov 2022 09:57:25 GMT" time="4.046" errors="0">
  <testcase name="setupRequest" time="4.046" classname="restAPI.TC_04_CreateUser_StaticImport"/>
</testsuite> <!-- restAPI.TC_04_CreateUser_StaticImport -->
