<?xml version="1.0" encoding="UTF-8"?>
<!-- Generated by org.testng.reporters.JUnitReportReporter -->
<testsuite hostname="DESKTOP-QNHJ5Q7" name="restAPI.TC_06_CreatUser_StaticImport_FileInputstream" tests="1" failures="0" timestamp="11 Nov 2022 10:27:45 GMT" time="3.884" errors="0">
  <testcase name="setupRequest" time="3.884" classname="restAPI.TC_06_CreatUser_StaticImport_FileInputstream"/>
</testsuite> <!-- restAPI.TC_06_CreatUser_StaticImport_FileInputstream -->
