<?xml version="1.0" encoding="UTF-8"?>
<!-- Generated by org.testng.reporters.JUnitReportReporter -->
<testsuite hostname="DESKTOP-QNHJ5Q7" name="restAPI.TC_07_UpdtaeUser_StaticImport" tests="1" failures="0" timestamp="11 Nov 2022 10:36:32 GMT" time="4.229" errors="0">
  <testcase name="setupRequest" time="4.229" classname="restAPI.TC_07_UpdtaeUser_StaticImport"/>
</testsuite> <!-- restAPI.TC_07_UpdtaeUser_StaticImport -->
