<?xml version="1.0" encoding="UTF-8"?>
<!-- Generated by org.testng.reporters.JUnitReportReporter -->
<testsuite hostname="DESKTOP-QNHJ5Q7" name="restAPI.TC_02_CreateUser" tests="2" failures="0" timestamp="11 Nov 2022 09:16:42 GMT" time="3.568" errors="0">
  <testcase name="verifyStatusCode" time="0.003" classname="restAPI.TC_02_CreateUser"/>
  <testcase name="setupRequest" time="3.565" classname="restAPI.TC_02_CreateUser"/>
</testsuite> <!-- restAPI.TC_02_CreateUser -->
